2025-11-07 16:55:26 - GambaClient - DEBUG - → SEND: 4|||
2025-11-07 16:55:26 - GambaClient - DEBUG - PING sent
2025-11-07 16:55:26 - GambaClient - DEBUG - ← RECV: 104||
2025-11-07 16:55:26 - GambaClient - DEBUG - PONG received (RTT: 0.005s)
2025-11-07 16:55:28 - GambaClient - INFO - Start game requested from lobby
2025-11-07 16:55:28 - GambaClient - INFO - Start game requested
2025-11-07 16:55:28 - GambaClient - DEBUG - → SEND: 5|||
2025-11-07 16:55:28 - GambaClient - DEBUG - ← RECV: 105||ROOM_1|st=start
2025-11-07 16:55:28 - GambaClient - INFO - State: IN_ROOM → IN_GAME
2025-11-07 16:55:28 - GambaClient - DEBUG - ← RECV: 105||ROOM_1|bt=rnotif|st=start
2025-11-07 16:55:28 - GambaClient - INFO - State changed: IN_ROOM → IN_GAME
2025-11-07 16:55:28 - GambaClient - INFO - State: IN_ROOM → IN_GAME
2025-11-07 16:55:28 - GambaClient - INFO - Showing game screen
2025-11-07 16:55:28 - GambaClient - INFO - State changed: IN_ROOM → IN_GAME
2025-11-07 16:55:28 - GambaClient - INFO - Showing game screen
2025-11-07 16:55:28 - GambaClient - DEBUG - ← RECV: 106|User1|ROOM_1|cp=User1|dk=0|dp=0|h=AH,2H,AD|ml=false|oh=0|on=User2|or=2|r=3|tc=1S|yt=true
2025-11-07 16:55:28 - GambaClient - DEBUG - ← RECV: 106|User2|ROOM_1|cp=User1|dk=0|dp=0|h=|ml=false|oh=3|on=User1|or=3|r=2|tc=1S|yt=false
2025-11-07 16:55:28 - GambaClient - DEBUG - → SEND: 4|||
2025-11-07 16:55:28 - GambaClient - DEBUG - PING sent
2025-11-07 16:55:28 - GambaClient - DEBUG - ← RECV: 104||
2025-11-07 16:55:28 - GambaClient - DEBUG - PONG received (RTT: 0.006s)
2025-11-07 16:55:33 - GambaClient - INFO - Play cards requested: AD,AH
2025-11-07 16:55:33 - GambaClient - DEBUG - → SEND: 7|||cd=AD,AH
2025-11-07 16:55:33 - GambaClient - DEBUG - ← RECV: 111|User1||rs=pok|st=ok
2025-11-07 16:55:33 - GambaClient - DEBUG - ← RECV: 113|User2||dp=2|h=|ml=0|oh=1|r=2|tc=AH|yt=1
2025-11-07 16:55:33 - GambaClient - DEBUG - ← RECV: 113|User1||dp=2|h=2H|ml=0|oh=0|or=2|tc=AH|yt=0
2025-11-07 16:55:36 - GambaClient - DEBUG - → SEND: 4|||
2025-11-07 16:55:36 - GambaClient - DEBUG - PING sent
2025-11-07 16:55:36 - GambaClient - DEBUG - ← RECV: 104||
2025-11-07 16:55:36 - GambaClient - DEBUG - PONG received (RTT: 0.004s)
2025-11-07 16:55:38 - GambaClient - DEBUG - → SEND: 4|||
2025-11-07 16:55:38 - GambaClient - DEBUG - PING sent
2025-11-07 16:55:38 - GambaClient - DEBUG - ← RECV: 104||
2025-11-07 16:55:38 - GambaClient - DEBUG - PONG received (RTT: 0.005s)
2025-11-07 16:55:46 - GambaClient - DEBUG - → SEND: 4|||
2025-11-07 16:55:46 - GambaClient - DEBUG - PING sent
2025-11-07 16:55:46 - GambaClient - DEBUG - ← RECV: 104||
2025-11-07 16:55:46 - GambaClient - DEBUG - PONG received (RTT: 0.005s)
2025-11-07 16:55:48 - GambaClient - DEBUG - → SEND: 4|||
2025-11-07 16:55:48 - GambaClient - DEBUG - PING sent
2025-11-07 16:55:48 - GambaClient - DEBUG - ← RECV: 104||
2025-11-07 16:55:48 - GambaClient - DEBUG - PONG received (RTT: 0.005s)
2025-11-07 16:55:56 - GambaClient - DEBUG - → SEND: 4|||
2025-11-07 16:55:56 - GambaClient - DEBUG - PING sent
2025-11-07 16:55:56 - GambaClient - DEBUG - ← RECV: 104||
2025-11-07 16:55:56 - GambaClient - DEBUG - PONG received (RTT: 0.005s)
2025-11-07 16:55:58 - GambaClient - DEBUG - → SEND: 4|||
2025-11-07 16:55:58 - GambaClient - DEBUG - PING sent
2025-11-07 16:55:58 - GambaClient - DEBUG - ← RECV: 104||
2025-11-07 16:55:58 - GambaClient - DEBUG - PONG received (RTT: 0.005s)
2025-11-07 16:56:06 - GambaClient - DEBUG - → SEND: 4|||
2025-11-07 16:56:06 - GambaClient - DEBUG - PING sent
2025-11-07 16:56:06 - GambaClient - DEBUG - ← RECV: 104||
2025-11-07 16:56:06 - GambaClient - DEBUG - PONG received (RTT: 0.006s)
2025-11-07 16:56:08 - GambaClient - DEBUG - → SEND: 4|||
2025-11-07 16:56:08 - GambaClient - DEBUG - PING sent
2025-11-07 16:56:08 - GambaClient - DEBUG - ← RECV: 104||
2025-11-07 16:56:08 - GambaClient - DEBUG - PONG received (RTT: 0.007s)
2025-11-07 16:56:16 - GambaClient - DEBUG - → SEND: 4|||
2025-11-07 16:56:16 - GambaClient - DEBUG - PING sent
2025-11-07 16:56:16 - GambaClient - DEBUG - ← RECV: 104||
2025-11-07 16:56:16 - GambaClient - DEBUG - PONG received (RTT: 0.005s)
2025-11-07 16:56:18 - GambaClient - DEBUG - → SEND: 4|||
2025-11-07 16:56:18 - GambaClient - DEBUG - PING sent
2025-11-07 16:56:18 - GambaClient - DEBUG - ← RECV: 104||
2025-11-07 16:56:18 - GambaClient - DEBUG - PONG received (RTT: 0.008s)
2025-11-07 16:56:26 - GambaClient - DEBUG - → SEND: 4|||
2025-11-07 16:56:26 - GambaClient - DEBUG - PING sent
2025-11-07 16:56:26 - GambaClient - DEBUG - ← RECV: 104||
2025-11-07 16:56:26 - GambaClient - DEBUG - PONG received (RTT: 0.004s)
2025-11-07 16:56:28 - GambaClient - DEBUG - → SEND: 4|||
2025-11-07 16:56:28 - GambaClient - DEBUG - PING sent
2025-11-07 16:56:28 - GambaClient - DEBUG - ← RECV: 104||
2025-11-07 16:56:28 - GambaClient - DEBUG - PONG received (RTT: 0.005s)
2025-11-07 16:56:36 - GambaClient - DEBUG - → SEND: 4|||
2025-11-07 16:56:36 - GambaClient - DEBUG - PING sent
2025-11-07 16:56:36 - GambaClient - DEBUG - ← RECV: 104||
2025-11-07 16:56:36 - GambaClient - DEBUG - PONG received (RTT: 0.005s)
2025-11-07 16:56:38 - GambaClient - DEBUG - → SEND: 4|||
2025-11-07 16:56:38 - GambaClient - DEBUG - PING sent
2025-11-07 16:56:38 - GambaClient - DEBUG - ← RECV: 104||
2025-11-07 16:56:38 - GambaClient - DEBUG - PONG received (RTT: 0.004s)
2025-11-07 16:56:46 - GambaClient - DEBUG - → SEND: 4|||
2025-11-07 16:56:46 - GambaClient - DEBUG - PING sent
2025-11-07 16:56:46 - GambaClient - DEBUG - ← RECV: 104||
2025-11-07 16:56:46 - GambaClient - DEBUG - PONG received (RTT: 0.006s)
2025-11-07 16:56:48 - GambaClient - DEBUG - → SEND: 4|||
2025-11-07 16:56:48 - GambaClient - DEBUG - PING sent
2025-11-07 16:56:48 - GambaClient - DEBUG - ← RECV: 104||
2025-11-07 16:56:48 - GambaClient - DEBUG - PONG received (RTT: 0.005s)
2025-11-07 16:56:56 - GambaClient - DEBUG - → SEND: 4|||
2025-11-07 16:56:56 - GambaClient - DEBUG - PING sent
2025-11-07 16:56:56 - GambaClient - DEBUG - ← RECV: 104||
2025-11-07 16:56:56 - GambaClient - DEBUG - PONG received (RTT: 0.007s)
2025-11-07 16:56:58 - GambaClient - DEBUG - → SEND: 4|||
2025-11-07 16:56:58 - GambaClient - DEBUG - PING sent
2025-11-07 16:56:58 - GambaClient - DEBUG - ← RECV: 104||
2025-11-07 16:56:58 - GambaClient - DEBUG - PONG received (RTT: 0.005s)
2025-11-07 16:57:06 - GambaClient - DEBUG - → SEND: 4|||
2025-11-07 16:57:06 - GambaClient - DEBUG - PING sent
2025-11-07 16:57:06 - GambaClient - DEBUG - ← RECV: 104||
2025-11-07 16:57:06 - GambaClient - DEBUG - PONG received (RTT: 0.005s)
2025-11-07 16:57:08 - GambaClient - DEBUG - → SEND: 4|||
2025-11-07 16:57:08 - GambaClient - DEBUG - PING sent
2025-11-07 16:57:08 - GambaClient - DEBUG - ← RECV: 104||
2025-11-07 16:57:08 - GambaClient - DEBUG - PONG received (RTT: 0.005s)
2025-11-07 16:57:16 - GambaClient - DEBUG - → SEND: 4|||
2025-11-07 16:57:16 - GambaClient - DEBUG - PING sent
2025-11-07 16:57:16 - GambaClient - DEBUG - ← RECV: 104||
2025-11-07 16:57:16 - GambaClient - DEBUG - PONG received (RTT: 0.006s)
2025-11-07 16:57:18 - GambaClient - DEBUG - → SEND: 4|||
2025-11-07 16:57:18 - GambaClient - DEBUG - PING sent
2025-11-07 16:57:18 - GambaClient - DEBUG - ← RECV: 104||
2025-11-07 16:57:18 - GambaClient - DEBUG - PONG received (RTT: 0.007s)
2025-11-07 16:57:25 - GambaClient - INFO - Disconnect requested
2025-11-07 16:57:25 - GambaClient - INFO - Heartbeat stopped
2025-11-07 16:57:25 - GambaClient - INFO - Connection: HEARTBEAT_STOPPED
2025-11-07 16:57:25 - GambaClient - INFO - Stopping NetworkClient
2025-11-07 16:57:25 - GambaClient - INFO - Disconnecting from server
2025-11-07 16:57:25 - GambaClient - INFO - NetworkClient thread stopped
2025-11-07 16:57:25 - GambaClient - INFO - Connection: DISCONNECTED
2025-11-07 16:57:25 - GambaClient - INFO - Network disconnected
2025-11-07 16:57:25 - GambaClient - INFO - State: IN_GAME → DISCONNECTED
2025-11-07 16:57:25 - GambaClient - INFO - State changed: IN_GAME → DISCONNECTED
2025-11-07 16:57:25 - GambaClient - DEBUG - ← RECV: 107|User2|ROOM_1|dc=User2|st=temp
2025-11-07 16:57:25 - GambaClient - INFO - MainWindow closed
2025-11-07 16:57:25 - GambaClient - INFO - Disconnect requested
2025-11-07 16:57:27 - GambaClient - INFO - Disconnect requested
2025-11-07 16:57:27 - GambaClient - INFO - Heartbeat stopped
2025-11-07 16:57:27 - GambaClient - INFO - Connection: HEARTBEAT_STOPPED
2025-11-07 16:57:27 - GambaClient - INFO - Stopping NetworkClient
2025-11-07 16:57:27 - GambaClient - INFO - Disconnecting from server
2025-11-07 16:57:27 - GambaClient - INFO - NetworkClient thread stopped
2025-11-07 16:57:27 - GambaClient - INFO - Connection: DISCONNECTED
2025-11-07 16:57:27 - GambaClient - INFO - Network disconnected
2025-11-07 16:57:27 - GambaClient - INFO - State: IN_GAME → DISCONNECTED
2025-11-07 16:57:27 - GambaClient - INFO - State changed: IN_GAME → DISCONNECTED
2025-11-07 16:57:27 - GambaClient - INFO - MainWindow closed
2025-11-07 16:57:27 - GambaClient - INFO - Disconnect requested
2025-11-07 16:59:55 - GambaClient - INFO - ======================================================================
2025-11-07 16:59:55 - GambaClient - INFO - Gamba Client Logger Initialized
2025-11-07 16:59:55 - GambaClient - INFO - ======================================================================
2025-11-07 16:59:55 - GambaClient - INFO - ConnectionManager initialized
2025-11-07 16:59:55 - GambaClient - INFO - MainWindow initialized
2025-11-07 16:59:55 - GambaClient - INFO - Configuration loaded from gamba_client.conf
2025-11-07 16:59:58 - GambaClient - INFO - Configuration saved to gamba_client.conf
2025-11-07 16:59:58 - GambaClient - INFO - Connection requested: 127.0.0.1:8080 as 'User1'
2025-11-07 16:59:58 - GambaClient - INFO - State: DISCONNECTED → CONNECTING
2025-11-07 16:59:58 - GambaClient - INFO - State changed: DISCONNECTED → CONNECTING
2025-11-07 16:59:58 - GambaClient - INFO - NetworkClient initialized for 127.0.0.1:8080
2025-11-07 16:59:58 - GambaClient - INFO - Initiating connection to 127.0.0.1:8080
2025-11-07 16:59:58 - GambaClient - INFO - NetworkClient thread started
2025-11-07 16:59:58 - GambaClient - INFO - Connection: CONNECTED - 127.0.0.1:8080
2025-11-07 16:59:58 - GambaClient - INFO - Network connected
2025-11-07 16:59:58 - GambaClient - DEBUG - → SEND: 0|||nm=User1
2025-11-07 16:59:58 - GambaClient - DEBUG - ← RECV: 100|User1||nm=User1|st=ok
2025-11-07 16:59:58 - GambaClient - INFO - Connection successful
2025-11-07 16:59:58 - GambaClient - INFO - State: CONNECTING → CONNECTED
2025-11-07 16:59:58 - GambaClient - INFO - State changed: CONNECTING → CONNECTED
2025-11-07 16:59:58 - GambaClient - INFO - HeartbeatManager initialized
2025-11-07 16:59:58 - GambaClient - DEBUG - → SEND: 4|||
2025-11-07 16:59:58 - GambaClient - DEBUG - PING sent
2025-11-07 16:59:58 - GambaClient - INFO - Heartbeat started (PING every 10s)
2025-11-07 16:59:58 - GambaClient - INFO - Connection: HEARTBEAT_STARTED
2025-11-07 16:59:58 - GambaClient - DEBUG - ← RECV: 104||
2025-11-07 16:59:58 - GambaClient - DEBUG - PONG received (RTT: 0.007s)
2025-11-07 16:59:59 - GambaClient - DEBUG - → SEND: 2|||
2025-11-07 16:59:59 - GambaClient - DEBUG - ← RECV: 101|User1|ROOM_2|pc=1|pl=User1|rf=false|st=ok
2025-11-07 16:59:59 - GambaClient - INFO - State: CONNECTED → IN_ROOM
2025-11-07 16:59:59 - GambaClient - INFO - State changed: CONNECTED → IN_ROOM
2025-11-07 16:59:59 - GambaClient - INFO - Showing lobby screen
2025-11-07 16:59:59 - GambaClient - INFO - LobbyWidget initialized
2025-11-07 16:59:59 - GambaClient - INFO - Lobby updated: ROOM_2, 1/2 players
2025-11-07 17:00:01 - GambaClient - INFO - ======================================================================
2025-11-07 17:00:01 - GambaClient - INFO - Gamba Client Logger Initialized
2025-11-07 17:00:01 - GambaClient - INFO - ======================================================================
2025-11-07 17:00:01 - GambaClient - INFO - ConnectionManager initialized
2025-11-07 17:00:01 - GambaClient - INFO - MainWindow initialized
2025-11-07 17:00:01 - GambaClient - INFO - Configuration loaded from gamba_client.conf
2025-11-07 17:00:04 - GambaClient - INFO - Configuration saved to gamba_client.conf
2025-11-07 17:00:04 - GambaClient - INFO - Connection requested: 127.0.0.1:8080 as 'User2'
2025-11-07 17:00:04 - GambaClient - INFO - State: DISCONNECTED → CONNECTING
2025-11-07 17:00:04 - GambaClient - INFO - State changed: DISCONNECTED → CONNECTING
2025-11-07 17:00:04 - GambaClient - INFO - NetworkClient initialized for 127.0.0.1:8080
2025-11-07 17:00:04 - GambaClient - INFO - Initiating connection to 127.0.0.1:8080
2025-11-07 17:00:04 - GambaClient - INFO - NetworkClient thread started
2025-11-07 17:00:04 - GambaClient - INFO - Connection: CONNECTED - 127.0.0.1:8080
2025-11-07 17:00:04 - GambaClient - INFO - Network connected
2025-11-07 17:00:04 - GambaClient - DEBUG - → SEND: 0|||nm=User2
2025-11-07 17:00:04 - GambaClient - DEBUG - ← RECV: 100|User2||nm=User2|st=ok
2025-11-07 17:00:04 - GambaClient - INFO - Connection successful
2025-11-07 17:00:04 - GambaClient - INFO - State: CONNECTING → CONNECTED
2025-11-07 17:00:04 - GambaClient - INFO - State changed: CONNECTING → CONNECTED
2025-11-07 17:00:04 - GambaClient - INFO - HeartbeatManager initialized
2025-11-07 17:00:04 - GambaClient - DEBUG - → SEND: 4|||
2025-11-07 17:00:04 - GambaClient - DEBUG - PING sent
2025-11-07 17:00:04 - GambaClient - INFO - Heartbeat started (PING every 10s)
2025-11-07 17:00:04 - GambaClient - INFO - Connection: HEARTBEAT_STARTED
2025-11-07 17:00:04 - GambaClient - DEBUG - ← RECV: 104||
2025-11-07 17:00:04 - GambaClient - DEBUG - PONG received (RTT: 0.006s)
2025-11-07 17:00:04 - GambaClient - DEBUG - → SEND: 2|||
2025-11-07 17:00:04 - GambaClient - DEBUG - ← RECV: 101|User2|ROOM_2|pc=2|pl=User1,User2|rf=true|st=ok
2025-11-07 17:00:04 - GambaClient - INFO - State: CONNECTED → IN_ROOM
2025-11-07 17:00:04 - GambaClient - INFO - State changed: CONNECTED → IN_ROOM
jp=User2|pc=2|pl=User1,User2|rf=true|st=ok
2025-11-07 17:00:04 - GambaClient - INFO - Player joined: User2
2025-11-07 17:00:04 - GambaClient - INFO - Lobby updated: ROOM_2, 2/2 players
2025-11-07 17:00:04 - GambaClient - INFO - LobbyWidget initialized
2025-11-07 17:00:04 - GambaClient - INFO - Lobby updated: ROOM_2, 2/2 players
2025-11-07 17:00:08 - GambaClient - DEBUG - → SEND: 4|||
2025-11-07 17:00:08 - GambaClient - DEBUG - PING sent
2025-11-07 17:00:08 - GambaClient - DEBUG - ← RECV: 104||
2025-11-07 17:00:08 - GambaClient - DEBUG - PONG received (RTT: 0.005s)
2025-11-07 17:00:09 - GambaClient - INFO - Start game requested from lobby
2025-11-07 17:00:09 - GambaClient - INFO - Start game requested
2025-11-07 17:00:09 - GambaClient - DEBUG - → SEND: 5|||
2025-11-07 17:00:09 - GambaClient - DEBUG - ← RECV: 105||ROOM_2|st=start
2025-11-07 17:00:09 - GambaClient - INFO - State: IN_ROOM → IN_GAME
2025-11-07 17:00:09 - GambaClient - INFO - State changed: IN_ROOM → IN_GAME
2025-11-07 17:00:09 - GambaClient - DEBUG - ← RECV: 105||ROOM_2|bt=rnotif|st=start
2025-11-07 17:00:09 - GambaClient - INFO - State: IN_ROOM → IN_GAME
2025-11-07 17:00:09 - GambaClient - INFO - State changed: IN_ROOM → IN_GAME
2025-11-07 17:00:09 - GambaClient - DEBUG - ← RECV: 106|User1|ROOM_2|cp=User1|dk=0|dp=0|h=AS,AC,AD|ml=false|oh=0|on=User2|or=2|r=3|tc=1S|yt=true
2025-11-07 17:00:09 - GambaClient - DEBUG - ← RECV: 106|User2|ROOM_2|cp=User1|dk=0|dp=0|h=|ml=false|oh=3|on=User1|or=3|r=2|tc=1S|yt=false
2025-11-07 17:00:14 - GambaClient - INFO - Play cards requested: AC,AD,AS
2025-11-07 17:00:14 - GambaClient - DEBUG - → SEND: 7|||cd=AC,AD,AS
2025-11-07 17:00:14 - GambaClient - DEBUG - ← RECV: 111|User1||rs=pok|st=ok
2025-11-07 17:00:14 - GambaClient - DEBUG - ← RECV: 113|User2||dp=3|h=|ml=0|oh=0|r=2|tc=AS|yt=1
2025-11-07 17:00:14 - GambaClient - DEBUG - ← RECV: 113|User1||dp=3|h=|ml=0|oh=0|or=2|tc=AS|yt=0
2025-11-07 17:00:14 - GambaClient - DEBUG - → SEND: 4|||
2025-11-07 17:00:14 - GambaClient - DEBUG - PING sent
2025-11-07 17:00:14 - GambaClient - DEBUG - ← RECV: 104||
2025-11-07 17:00:14 - GambaClient - DEBUG - PONG received (RTT: 0.007s)
2025-11-07 17:00:16 - GambaClient - INFO - Play reserve requested
2025-11-07 17:00:16 - GambaClient - DEBUG - → SEND: 7|||cd=RESERVE
2025-11-07 17:00:16 - GambaClient - DEBUG - ← RECV: 111|User2||rs=pok|st=ok
2025-11-07 17:00:16 - GambaClient - DEBUG - ← RECV: 113|User1||dp=4|h=|ml=0|oh=0|or=1|tc=2C|yt=1
2025-11-07 17:00:16 - GambaClient - DEBUG - ← RECV: 113|User2||dp=4|h=|ml=0|oh=0|r=1|tc=2C|yt=0
2025-11-07 17:00:18 - GambaClient - INFO - Play reserve requested
2025-11-07 17:00:18 - GambaClient - DEBUG - → SEND: 7|||cd=RESERVE
2025-11-07 17:00:18 - GambaClient - DEBUG - ← RECV: 111|User1||rs=pok|st=ok
2025-11-07 17:00:18 - GambaClient - DEBUG - ← RECV: 113|User1||dp=5|h=|ml=0|oh=0|or=1|r=2|tc=AH|yt=0
2025-11-07 17:00:18 - GambaClient - DEBUG - ← RECV: 113|User2||dp=5|h=|ml=0|oh=0|or=2|r=1|tc=AH|yt=1
2025-11-07 17:00:18 - GambaClient - DEBUG - → SEND: 4|||
2025-11-07 17:00:18 - GambaClient - DEBUG - PING sent
2025-11-07 17:00:18 - GambaClient - DEBUG - ← RECV: 104||
2025-11-07 17:00:18 - GambaClient - DEBUG - PONG received (RTT: 0.005s)
2025-11-07 17:00:20 - GambaClient - INFO - Play reserve requested
2025-11-07 17:00:20 - GambaClient - DEBUG - → SEND: 7|||cd=RESERVE
2025-11-07 17:00:20 - GambaClient - DEBUG - ← RECV: 111|User2||rs=pok|st=ok
2025-11-07 17:00:20 - GambaClient - DEBUG - ← RECV: 112|User1|ROOM_2|st=end|wn=User2
2025-11-07 17:00:20 - GambaClient - INFO - Game over - waiting for ROOM_LEFT
2025-11-07 17:00:20 - GambaClient - DEBUG - ← RECV: 112|User2|ROOM_2|st=end|wn=User2
2025-11-07 17:00:20 - GambaClient - INFO - Game over - waiting for ROOM_LEFT
2025-11-07 17:00:20 - GambaClient - DEBUG - ← RECV: 102|User1||st=lft
2025-11-07 17:00:20 - GambaClient - INFO - Game: GAME_OVER - Winner: User2
2025-11-07 17:00:20 - GambaClient - DEBUG - ← RECV: 102|User2||st=lft
2025-11-07 17:00:20 - GambaClient - INFO - Game: GAME_OVER - Winner: User2
2025-11-07 17:00:20 - GambaClient - INFO - Left room - changing to CONNECTED state
2025-11-07 17:00:20 - GambaClient - INFO - State: IN_GAME → CONNECTED
2025-11-07 17:00:20 - GambaClient - INFO - State changed: IN_GAME → CONNECTED
2025-11-07 17:00:20 - GambaClient - INFO - Left room - changing to CONNECTED state
2025-11-07 17:00:20 - GambaClient - INFO - State: IN_GAME → CONNECTED
2025-11-07 17:00:20 - GambaClient - INFO - State changed: IN_GAME → CONNECTED
2025-11-07 17:00:20 - GambaClient - DEBUG - → SEND: 2|||
2025-11-07 17:00:20 - GambaClient - DEBUG - → SEND: 2|||
2025-11-07 17:00:20 - GambaClient - DEBUG - ← RECV: 101|User1|ROOM_3|pc=1|pl=User1|rf=false|st=ok
2025-11-07 17:00:20 - GambaClient - INFO - State: CONNECTED → IN_ROOM
2025-11-07 17:00:20 - GambaClient - INFO - State changed: CONNECTED → IN_ROOM
2025-11-07 17:00:20 - GambaClient - INFO - Showing lobby screen
2025-11-07 17:00:20 - GambaClient - INFO - Lobby reset
2025-11-07 17:00:20 - GambaClient - INFO - Lobby updated: ROOM_3, 1/2 players
2025-11-07 17:00:20 - GambaClient - DEBUG - ← RECV: 101|User2|ROOM_3|pc=2|pl=User1,User2|rf=true|st=ok
2025-11-07 17:00:20 - GambaClient - INFO - State: CONNECTED → IN_ROOM
2025-11-07 17:00:20 - GambaClient - DEBUG - ← RECV: 101|User2|ROOM_3|bt=rnotif|jp=User2|pc=2|pl=User1,User2|rf=true|st=ok
2025-11-07 17:00:20 - GambaClient - INFO - State changed: CONNECTED → IN_ROOM
2025-11-07 17:00:20 - GambaClient - INFO - Showing lobby screen
2025-11-07 17:00:20 - GambaClient - INFO - Lobby reset
2025-11-07 17:00:20 - GambaClient - INFO - Lobby updated: ROOM_3, 2/2 players
2025-11-07 17:00:20 - GambaClient - INFO - Player joined: User2
2025-11-07 17:00:20 - GambaClient - INFO - Lobby updated: ROOM_3, 2/2 players
2025-11-07 17:00:23 - GambaClient - INFO - Start game requested from lobby
2025-11-07 17:00:23 - GambaClient - INFO - Start game requested
2025-11-07 17:00:23 - GambaClient - DEBUG - → SEND: 5|||
2025-11-07 17:00:23 - GambaClient - DEBUG - ← RECV: 105||ROOM_3|st=start
2025-11-07 17:00:23 - GambaClient - INFO - State: IN_ROOM → IN_GAME
2025-11-07 17:00:23 - GambaClient - DEBUG - ← RECV: 105||ROOM_3|bt=rnotif|st=start
2025-11-07 17:00:23 - GambaClient - INFO - State changed: IN_ROOM → IN_GAME
2025-11-07 17:00:23 - GambaClient - INFO - State: IN_ROOM → IN_GAME
2025-11-07 17:00:23 - GambaClient - INFO - State changed: IN_ROOM → IN_GAME
2025-11-07 17:00:23 - GambaClient - INFO - Showing game screen
2025-11-07 17:00:23 - GambaClient - INFO - Showing game screen
2025-11-07 17:00:23 - GambaClient - DEBUG - ← RECV: 106|User1|ROOM_3|cp=User1|dk=0|dp=0|h=AH,2S,AS|ml=false|oh=0|on=User2|or=2|r=3|tc=1S|yt=true
2025-11-07 17:00:23 - GambaClient - DEBUG - ← RECV: 106|User2|ROOM_3|cp=User1|dk=0|dp=0|h=|ml=false|oh=3|on=User1|or=3|r=2|tc=1S|yt=false
2025-11-07 17:00:24 - GambaClient - DEBUG - → SEND: 4|||
2025-11-07 17:00:24 - GambaClient - DEBUG - PING sent
2025-11-07 17:00:24 - GambaClient - DEBUG - ← RECV: 104||
2025-11-07 17:00:24 - GambaClient - DEBUG - PONG received (RTT: 0.005s)
2025-11-07 17:00:25 - GambaClient - INFO - Pickup pile requested
2025-11-07 17:00:25 - GambaClient - DEBUG - → SEND: 8|||
2025-11-07 17:00:25 - GambaClient - DEBUG - ← RECV: 103|||er=Cannot pickup pile
2025-11-07 17:00:27 - GambaClient - INFO - Play cards requested: AS,AH
2025-11-07 17:00:27 - GambaClient - DEBUG - → SEND: 7|||cd=AS,AH
2025-11-07 17:00:27 - GambaClient - DEBUG - ← RECV: 111|User1||rs=pok|st=ok
2025-11-07 17:00:27 - GambaClient - DEBUG - ← RECV: 113|User1||dp=2|h=2S|ml=0|oh=0|or=2|tc=AH|yt=0
2025-11-07 17:00:27 - GambaClient - DEBUG - ← RECV: 113|User2||dp=2|h=|ml=0|oh=1|r=2|tc=AH|yt=1
2025-11-07 17:00:28 - GambaClient - INFO - Pickup pile requested
2025-11-07 17:00:28 - GambaClient - DEBUG - → SEND: 8|||
2025-11-07 17:00:28 - GambaClient - DEBUG - ← RECV: 111|User2||rs=uok|st=ok
2025-11-07 17:00:28 - GambaClient - DEBUG - ← RECV: 113|User1||dp=0|h=2S|ml=0|oh=2|or=2|tc=1S|yt=1
2025-11-07 17:00:28 - GambaClient - DEBUG - ← RECV: 113|User2||dp=0|h=AS,AH|ml=0|oh=1|r=2|tc=1S|yt=0
2025-11-07 17:00:28 - GambaClient - DEBUG - → SEND: 4|||
2025-11-07 17:00:28 - GambaClient - DEBUG - PING sent
2025-11-07 17:00:28 - GambaClient - DEBUG - ← RECV: 104||
2025-11-07 17:00:28 - GambaClient - DEBUG - PONG received (RTT: 0.005s)
2025-11-07 17:00:34 - GambaClient - DEBUG - → SEND: 4|||
2025-11-07 17:00:34 - GambaClient - DEBUG - PING sent
2025-11-07 17:00:34 - GambaClient - DEBUG - ← RECV: 104||
2025-11-07 17:00:34 - GambaClient - DEBUG - PONG received (RTT: 0.004s)
2025-11-07 17:00:37 - GambaClient - INFO - Play cards requested: 2S
2025-11-07 17:00:37 - GambaClient - DEBUG - → SEND: 7|||cd=2S
2025-11-07 17:00:37 - GambaClient - DEBUG - ← RECV: 111|User1||rs=pok|st=ok
2025-11-07 17:00:37 - GambaClient - DEBUG - ← RECV: 113|User1||dp=1|h=|ml=0|oh=2|or=2|tc=2S|yt=0
2025-11-07 17:00:37 - GambaClient - DEBUG - ← RECV: 113|User2||dp=1|h=AS,AH|ml=0|oh=0|r=2|tc=2S|yt=1
2025-11-07 17:00:38 - GambaClient - DEBUG - → SEND: 4|||
2025-11-07 17:00:38 - GambaClient - DEBUG - PING sent
2025-11-07 17:00:38 - GambaClient - DEBUG - ← RECV: 104||
2025-11-07 17:00:38 - GambaClient - DEBUG - PONG received (RTT: 0.006s)
2025-11-07 17:00:40 - GambaClient - INFO - Play cards requested: AH,AS
2025-11-07 17:00:40 - GambaClient - DEBUG - → SEND: 7|||cd=AH,AS
2025-11-07 17:00:40 - GambaClient - DEBUG - ← RECV: 111|User2||rs=pok|st=ok
2025-11-07 17:00:40 - GambaClient - DEBUG - ← RECV: 113|User1||dp=3|h=|ml=0|oh=0|or=2|tc=AS|yt=1
2025-11-07 17:00:40 - GambaClient - DEBUG - ← RECV: 113|User2||dp=3|h=|ml=0|oh=0|r=2|tc=AS|yt=0
2025-11-07 17:00:43 - GambaClient - INFO - Play reserve requested
2025-11-07 17:00:43 - GambaClient - DEBUG - → SEND: 7|||cd=RESERVE
2025-11-07 17:00:43 - GambaClient - DEBUG - ← RECV: 111|User1||rs=pok|st=ok
2025-11-07 17:00:43 - GambaClient - DEBUG - ← RECV: 113|User1||dp=4|h=|ml=0|oh=0|or=2|r=2|tc=AC|yt=0
2025-11-07 17:00:43 - GambaClient - DEBUG - ← RECV: 113|User2||dp=4|h=|ml=0|oh=0|or=2|r=2|tc=AC|yt=1
2025-11-07 17:00:44 - GambaClient - DEBUG - → SEND: 4|||
2025-11-07 17:00:44 - GambaClient - DEBUG - PING sent
2025-11-07 17:00:44 - GambaClient - DEBUG - ← RECV: 104||
2025-11-07 17:00:44 - GambaClient - DEBUG - PONG received (RTT: 0.008s)
2025-11-07 17:00:44 - GambaClient - INFO - Pickup pile requested
2025-11-07 17:00:44 - GambaClient - DEBUG - → SEND: 8|||
2025-11-07 17:00:44 - GambaClient - DEBUG - ← RECV: 111|User2||rs=uok|st=ok
2025-11-07 17:00:44 - GambaClient - DEBUG - ← RECV: 113|User1||dp=0|h=|ml=0|oh=4|or=2|r=2|tc=1S|yt=1
2025-11-07 17:00:44 - GambaClient - DEBUG - ← RECV: 113|User2||dp=0|h=2S,AH,AS,AC|ml=0|oh=0|or=2|r=2|tc=1S|yt=0
2025-11-07 17:00:45 - GambaClient - INFO - Play reserve requested
2025-11-07 17:00:45 - GambaClient - DEBUG - → SEND: 7|||cd=RESERVE
2025-11-07 17:00:45 - GambaClient - DEBUG - ← RECV: 111|User1||rs=pok|st=ok
2025-11-07 17:00:45 - GambaClient - DEBUG - ← RECV: 113|User1||dp=1|h=|ml=0|oh=4|or=2|r=1|tc=2C|yt=0
2025-11-07 17:00:45 - GambaClient - DEBUG - ← RECV: 113|User2||dp=1|h=2S,AH,AS,AC|ml=0|oh=0|or=1|r=2|tc=2C|yt=1
2025-11-07 17:00:47 - GambaClient - INFO - Pickup pile requested
2025-11-07 17:00:47 - GambaClient - DEBUG - → SEND: 8|||
2025-11-07 17:00:47 - GambaClient - DEBUG - ← RECV: 111|User2||rs=uok|st=ok
2025-11-07 17:00:47 - GambaClient - DEBUG - ← RECV: 113|User1||dp=0|h=|ml=0|oh=5|or=2|r=1|tc=1S|yt=1
2025-11-07 17:00:47 - GambaClient - DEBUG - ← RECV: 113|User2||dp=0|h=2S,AH,AS,AC,2C|ml=0|oh=0|or=1|r=2|tc=1S|yt=0
2025-11-07 17:00:48 - GambaClient - INFO - Play reserve requested
2025-11-07 17:00:48 - GambaClient - DEBUG - → SEND: 7|||cd=RESERVE
2025-11-07 17:00:48 - GambaClient - DEBUG - ← RECV: 111|User1||rs=pok|st=ok
2025-11-07 17:00:48 - GambaClient - DEBUG - ← RECV: 112|User1|ROOM_3|st=end|wn=User1
2025-11-07 17:00:48 - GambaClient - DEBUG - ← RECV: 112|User2|ROOM_3|st=end|wn=User1
2025-11-07 17:00:48 - GambaClient - INFO - Game over - waiting for ROOM_LEFT
2025-11-07 17:00:48 - GambaClient - INFO - Game over - waiting for ROOM_LEFT
2025-11-07 17:00:48 - GambaClient - INFO - Game: GAME_OVER - Winner: User1
2025-11-07 17:00:48 - GambaClient - DEBUG - ← RECV: 102|User1||st=lft
2025-11-07 17:00:48 - GambaClient - INFO - Game: GAME_OVER - Winner: User1
2025-11-07 17:00:48 - GambaClient - DEBUG - ← RECV: 102|User2||st=lft
2025-11-07 17:00:48 - GambaClient - INFO - Left room - changing to CONNECTED state
2025-11-07 17:00:48 - GambaClient - INFO - State: IN_GAME → CONNECTED
2025-11-07 17:00:48 - GambaClient - INFO - Left room - changing to CONNECTED state
2025-11-07 17:00:48 - GambaClient - INFO - State changed: IN_GAME → CONNECTED
2025-11-07 17:00:48 - GambaClient - INFO - State changed: IN_GAME → CONNECTED
2025-11-07 17:00:48 - GambaClient - DEBUG - → SEND: 2|||
2025-11-07 17:00:48 - GambaClient - DEBUG - → SEND: 2|||
2025-11-07 17:00:48 - GambaClient - DEBUG - ← RECV: 101|User1|ROOM_4|pc=1|pl=User1|rf=false|st=ok
2025-11-07 17:00:48 - GambaClient - INFO - State: CONNECTED → IN_ROOM
2025-11-07 17:00:48 - GambaClient - DEBUG - ← RECV: 101|User2|ROOM_4|pc=2|pl=User1,User2|rf=true|st=ok
2025-11-07 17:00:48 - GambaClient - DEBUG - ← RECV: 101|User1|ROOM_4|bt=rnotif|jp=User1|pc=1|pl=User1|rf=false|st=ok
2025-11-07 17:00:48 - GambaClient - INFO - State: CONNECTED → IN_ROOM
2025-11-07 17:00:48 - GambaClient - INFO - Showing lobby screen
2025-11-07 17:00:48 - GambaClient - INFO - State changed: CONNECTED → IN_ROOM
2025-11-07 17:00:48 - GambaClient - INFO - Lobby reset
2025-11-07 17:00:48 - GambaClient - INFO - Showing lobby screen
2025-11-07 17:00:48 - GambaClient - INFO - Lobby reset
2025-11-07 17:00:48 - GambaClient - DEBUG - ← RECV: 101|User2|ROOM_4|bt=rnotif|jp=User2|pc=2|pl=User1,User2|rf=true|st=ok
2025-11-07 17:00:48 - GambaClient - INFO - Lobby updated: ROOM_4, 1/2 players
2025-11-07 17:00:48 - GambaClient - INFO - Lobby updated: ROOM_4, 2/2 players
2025-11-07 17:00:48 - GambaClient - INFO - Player joined: User1
2025-11-07 17:00:48 - GambaClient - INFO - Lobby updated: ROOM_4, 2/2 players
2025-11-07 17:00:48 - GambaClient - INFO - Lobby updated: ROOM_4, 1/2 players
2025-11-07 17:00:48 - GambaClient - DEBUG - → SEND: 4|||
2025-11-07 17:00:48 - GambaClient - DEBUG - PING sent
2025-11-07 17:00:48 - GambaClient - DEBUG - ← RECV: 104||
2025-11-07 17:00:48 - GambaClient - DEBUG - PONG received (RTT: 0.006s)
2025-11-07 17:00:54 - GambaClient - DEBUG - → SEND: 4|||
2025-11-07 17:00:54 - GambaClient - DEBUG - PING sent
2025-11-07 17:00:54 - GambaClient - DEBUG - ← RECV: 104||
2025-11-07 17:00:54 - GambaClient - DEBUG - PONG received (RTT: 0.005s)
2025-11-07 17:00:58 - GambaClient - DEBUG - → SEND: 4|||
2025-11-07 17:00:58 - GambaClient - DEBUG - PING sent
2025-11-07 17:00:58 - GambaClient - DEBUG - ← RECV: 104||
2025-11-07 17:00:58 - GambaClient - DEBUG - PONG received (RTT: 0.007s)
2025-11-07 17:01:04 - GambaClient - DEBUG - → SEND: 4|||
2025-11-07 17:01:04 - GambaClient - DEBUG - PING sent
2025-11-07 17:01:04 - GambaClient - DEBUG - ← RECV: 104||
2025-11-07 17:01:04 - GambaClient - DEBUG - PONG received (RTT: 0.005s)
2025-11-07 17:01:08 - GambaClient - DEBUG - → SEND: 4|||
2025-11-07 17:01:08 - GambaClient - DEBUG - PING sent
2025-11-07 17:01:08 - GambaClient - DEBUG - ← RECV: 104||
2025-11-07 17:01:08 - GambaClient - DEBUG - PONG received (RTT: 0.004s)
2025-11-07 17:01:14 - GambaClient - DEBUG - → SEND: 4|||
2025-11-07 17:01:14 - GambaClient - DEBUG - PING sent
2025-11-07 17:01:14 - GambaClient - DEBUG - ← RECV: 104||
2025-11-07 17:01:14 - GambaClient - DEBUG - PONG received (RTT: 0.005s)
2025-11-07 17:01:18 - GambaClient - DEBUG - → SEND: 4|||
2025-11-07 17:01:18 - GambaClient - DEBUG - PING sent
2025-11-07 17:01:18 - GambaClient - DEBUG - ← RECV: 104||
2025-11-07 17:01:18 - GambaClient - DEBUG - PONG received (RTT: 0.004s)
2025-11-07 17:01:24 - GambaClient - DEBUG - → SEND: 4|||
2025-11-07 17:01:24 - GambaClient - DEBUG - PING sent
2025-11-07 17:01:24 - GambaClient - DEBUG - ← RECV: 104||
2025-11-07 17:01:24 - GambaClient - DEBUG - PONG received (RTT: 0.004s)
2025-11-07 17:01:28 - GambaClient - DEBUG - → SEND: 4|||
2025-11-07 17:01:28 - GambaClient - DEBUG - PING sent
2025-11-07 17:01:28 - GambaClient - DEBUG - ← RECV: 104||
2025-11-07 17:01:28 - GambaClient - DEBUG - PONG received (RTT: 0.004s)
2025-11-07 17:01:34 - GambaClient - DEBUG - → SEND: 4|||
2025-11-07 17:01:34 - GambaClient - DEBUG - PING sent
2025-11-07 17:01:34 - GambaClient - DEBUG - ← RECV: 104||
2025-11-07 17:01:34 - GambaClient - DEBUG - PONG received (RTT: 0.005s)
2025-11-07 17:01:38 - GambaClient - DEBUG - → SEND: 4|||
2025-11-07 17:01:38 - GambaClient - DEBUG - PING sent
2025-11-07 17:01:38 - GambaClient - DEBUG - ← RECV: 104||
2025-11-07 17:01:38 - GambaClient - DEBUG - PONG received (RTT: 0.005s)
2025-11-07 17:01:44 - GambaClient - DEBUG - → SEND: 4|||
2025-11-07 17:01:44 - GambaClient - DEBUG - PING sent
2025-11-07 17:01:44 - GambaClient - DEBUG - ← RECV: 104||
2025-11-07 17:01:44 - GambaClient - DEBUG - PONG received (RTT: 0.005s)
2025-11-07 17:01:48 - GambaClient - DEBUG - → SEND: 4|||
2025-11-07 17:01:48 - GambaClient - DEBUG - PING sent
2025-11-07 17:01:48 - GambaClient - DEBUG - ← RECV: 104||
2025-11-07 17:01:48 - GambaClient - DEBUG - PONG received (RTT: 0.005s)
2025-11-07 17:01:54 - GambaClient - DEBUG - → SEND: 4|||
2025-11-07 17:01:54 - GambaClient - DEBUG - PING sent
2025-11-07 17:01:54 - GambaClient - DEBUG - ← RECV: 104||
2025-11-07 17:01:54 - GambaClient - DEBUG - PONG received (RTT: 0.005s)
2025-11-07 17:01:58 - GambaClient - DEBUG - → SEND: 4|||
2025-11-07 17:01:58 - GambaClient - DEBUG - PING sent
2025-11-07 17:01:58 - GambaClient - DEBUG - ← RECV: 104||
2025-11-07 17:01:58 - GambaClient - DEBUG - PONG received (RTT: 0.007s)
2025-11-07 17:02:01 - GambaClient - INFO - Disconnect requested
2025-11-07 17:02:01 - GambaClient - INFO - Heartbeat stopped
2025-11-07 17:02:01 - GambaClient - INFO - Connection: HEARTBEAT_STOPPED
2025-11-07 17:02:01 - GambaClient - INFO - Stopping NetworkClient
2025-11-07 17:02:01 - GambaClient - INFO - Disconnecting from server
2025-11-07 17:02:01 - GambaClient - INFO - NetworkClient thread stopped
2025-11-07 17:02:01 - GambaClient - INFO - Connection: DISCONNECTED
2025-11-07 17:02:01 - GambaClient - INFO - Network disconnected
2025-11-07 17:02:01 - GambaClient - INFO - State: IN_ROOM → DISCONNECTED
2025-11-07 17:02:01 - GambaClient - DEBUG - ← RECV: 107|User2|ROOM_4|dc=User2|st=temp
2025-11-07 17:02:01 - GambaClient - INFO - State changed: IN_ROOM → DISCONNECTED
2025-11-07 17:02:01 - GambaClient - INFO - MainWindow closed
2025-11-07 17:02:01 - GambaClient - INFO - Disconnect requested
2025-11-07 17:02:05 - GambaClient - INFO - Disconnect requested
2025-11-07 17:02:05 - GambaClient - INFO - Heartbeat stopped
2025-11-07 17:02:05 - GambaClient - INFO - Connection: HEARTBEAT_STOPPED
2025-11-07 17:02:05 - GambaClient - INFO - Stopping NetworkClient
2025-11-07 17:02:05 - GambaClient - INFO - Disconnecting from server
2025-11-07 17:02:05 - GambaClient - INFO - NetworkClient thread stopped
2025-11-07 17:02:05 - GambaClient - INFO - Connection: DISCONNECTED
2025-11-07 17:02:05 - GambaClient - INFO - Network disconnected
2025-11-07 17:02:05 - GambaClient - INFO - State: IN_ROOM → DISCONNECTED
2025-11-07 17:02:05 - GambaClient - INFO - State changed: IN_ROOM → DISCONNECTED
2025-11-07 17:02:05 - GambaClient - INFO - MainWindow closed
2025-11-07 17:02:05 - GambaClient - INFO - Disconnect requested
